[21:51:58] [ServerMain/INFO]: Environment: Environment[accountsHost=https://api.mojang.com, sessionHost=https://sessionserver.mojang.com, servicesHost=https://api.minecraftservices.com, name=PROD]
[21:51:59] [ServerMain/INFO]: Loaded 7 recipes
[21:51:59] [ServerMain/INFO]: Loaded 1271 advancements
[21:52:00] [Server thread/INFO]: Starting minecraft server version 1.20.2
[21:52:00] [Server thread/INFO]: Loading properties
[21:52:00] [Server thread/INFO]: Default game type: SURVIVAL
[21:52:00] [Server thread/INFO]: Generating keypair
[21:52:00] [Server thread/INFO]: Starting Minecraft server on *:25565
[21:52:00] [Server thread/INFO]: Using default channel type
[21:52:00] [Server thread/WARN]: **** SERVER IS RUNNING IN OFFLINE/INSECURE MODE!
[21:52:00] [Server thread/WARN]: The server will make no attempt to authenticate usernames. Beware.
[21:52:00] [Server thread/WARN]: While this makes the game possible to play without internet access, it also opens up the ability for hackers to connect with any username they choose.
[21:52:00] [Server thread/WARN]: To change this, set "online-mode" to "true" in the server.properties file.
[21:52:00] [Server thread/INFO]: Preparing level "world"
[21:52:02] [Server thread/INFO]: Preparing start region for dimension minecraft:overworld
[21:52:05] [Worker-Main-1/INFO]: Preparing spawn area: 0%
[21:52:05] [Worker-Main-6/INFO]: Preparing spawn area: 0%
[21:52:05] [Worker-Main-5/INFO]: Preparing spawn area: 0%
[21:52:05] [Worker-Main-7/INFO]: Preparing spawn area: 0%
[21:52:05] [Worker-Main-2/INFO]: Preparing spawn area: 0%
[21:52:05] [Worker-Main-2/INFO]: Preparing spawn area: 0%
[21:52:05] [Worker-Main-6/INFO]: Preparing spawn area: 0%
[21:52:06] [Worker-Main-4/INFO]: Preparing spawn area: 4%
[21:52:06] [Worker-Main-4/INFO]: Preparing spawn area: 73%
[21:52:06] [Server thread/INFO]: Time elapsed: 4145 ms
[21:52:06] [Server thread/INFO]: Done (6.234s)! For help, type "help"
[21:52:25] [Server thread/INFO]: SmockingFR[/127.0.0.1:49847] logged in with entity id 110 at (-98.677345788375, 129.0, 194.27167821005122)
[21:52:25] [Server thread/INFO]: SmockingFR joined the game
[21:52:37] [Server thread/INFO]: SmockingFR lost connection: Disconnected
[21:52:37] [Server thread/INFO]: SmockingFR left the game
[22:07:56] [Server thread/INFO]: Stopping the server
[22:07:56] [Server thread/INFO]: Stopping server
[22:07:56] [Server thread/INFO]: Saving players
[22:07:56] [Server thread/INFO]: Saving worlds
[22:07:56] [Server thread/INFO]: Saving chunks for level 'ServerLevel[world]'/minecraft:overworld
[22:07:57] [Server thread/INFO]: Saving chunks for level 'ServerLevel[world]'/minecraft:the_end
[22:07:57] [Server thread/INFO]: Saving chunks for level 'ServerLevel[world]'/minecraft:the_nether
[22:07:57] [Server thread/INFO]: ThreadedAnvilChunkStorage (world): All chunks are saved
[22:07:57] [Server thread/INFO]: ThreadedAnvilChunkStorage (DIM1): All chunks are saved
[22:07:57] [Server thread/INFO]: ThreadedAnvilChunkStorage (DIM-1): All chunks are saved
[22:07:57] [Server thread/INFO]: ThreadedAnvilChunkStorage: All dimensions are saved
